<?xml version="1.0" encoding="UTF-8"?>
<testng-results ignored="0" total="1" passed="1" failed="0" skipped="0">
  <reporter-output>
  </reporter-output>
  <suite started-at="2023-01-26T21:46:23 BDT" name="Default suite" finished-at="2023-01-26T21:46:47 BDT" duration-ms="24143">
    <groups>
    </groups>
    <test started-at="2023-01-26T21:46:23 BDT" name="Default test" finished-at="2023-01-26T21:46:47 BDT" duration-ms="24143">
      <class name="tests.RunHomePage">
        <test-method is-config="true" signature="start()[pri:0, instance:tests.RunHomePage@7c7b252e]" started-at="2023-01-26T21:46:13 BDT" name="start" finished-at="2023-01-26T21:46:23 BDT" duration-ms="10389" status="PASS">
          <reporter-output>
          </reporter-output>
        </test-method> <!-- start -->
        <test-method is-config="true" signature="startUrl()[pri:0, instance:tests.RunHomePage@7c7b252e]" started-at="2023-01-26T21:46:23 BDT" name="startUrl" finished-at="2023-01-26T21:46:36 BDT" duration-ms="13282" status="PASS">
          <reporter-output>
          </reporter-output>
        </test-method> <!-- startUrl -->
        <test-method signature="testHoverElement()[pri:0, instance:tests.RunHomePage@7c7b252e]" started-at="2023-01-26T21:46:36 BDT" name="testHoverElement" finished-at="2023-01-26T21:46:47 BDT" duration-ms="10746" status="PASS">
          <reporter-output>
          </reporter-output>
        </test-method> <!-- testHoverElement -->
        <test-method is-config="true" signature="close()[pri:0, instance:tests.RunHomePage@7c7b252e]" started-at="2023-01-26T21:46:47 BDT" name="close" finished-at="2023-01-26T21:46:49 BDT" duration-ms="1471" status="PASS">
          <reporter-output>
          </reporter-output>
        </test-method> <!-- close -->
      </class> <!-- tests.RunHomePage -->
    </test> <!-- Default test -->
  </suite> <!-- Default suite -->
</testng-results>
