<?xml version="1.0" encoding="UTF-8"?>
<testng-results ignored="0" total="1" passed="1" failed="0" skipped="0">
  <reporter-output>
  </reporter-output>
  <suite started-at="2023-01-23T21:39:12 BDT" name="Default suite" finished-at="2023-01-23T21:40:18 BDT" duration-ms="66152">
    <groups>
    </groups>
    <test started-at="2023-01-23T21:39:12 BDT" name="Default test" finished-at="2023-01-23T21:40:18 BDT" duration-ms="66152">
      <class name="testScripts.RunTests">
        <test-method is-config="true" signature="start()[pri:0, instance:testScripts.RunTests@7cc0cdad]" started-at="2023-01-23T21:39:06 BDT" name="start" finished-at="2023-01-23T21:39:12 BDT" duration-ms="5423" status="PASS">
          <reporter-output>
          </reporter-output>
        </test-method> <!-- start -->
        <test-method is-config="true" signature="startUrl()[pri:0, instance:testScripts.RunTests@7cc0cdad]" started-at="2023-01-23T21:39:12 BDT" name="startUrl" finished-at="2023-01-23T21:39:20 BDT" duration-ms="8466" status="PASS">
          <reporter-output>
          </reporter-output>
        </test-method> <!-- startUrl -->
        <test-method signature="mainBody()[pri:0, instance:testScripts.RunTests@7cc0cdad]" started-at="2023-01-23T21:39:20 BDT" name="mainBody" finished-at="2023-01-23T21:40:18 BDT" duration-ms="57580" status="PASS">
          <reporter-output>
          </reporter-output>
        </test-method> <!-- mainBody -->
        <test-method is-config="true" signature="close()[pri:0, instance:testScripts.RunTests@7cc0cdad]" started-at="2023-01-23T21:40:18 BDT" name="close" finished-at="2023-01-23T21:40:19 BDT" duration-ms="568" status="PASS">
          <reporter-output>
          </reporter-output>
        </test-method> <!-- close -->
      </class> <!-- testScripts.RunTests -->
    </test> <!-- Default test -->
  </suite> <!-- Default suite -->
</testng-results>
