<?xml version="1.0" encoding="UTF-8"?>
<testng-results ignored="0" total="1" passed="1" failed="0" skipped="0">
  <reporter-output>
  </reporter-output>
  <suite started-at="2023-02-24T21:41:31 BDT" name="Default suite" finished-at="2023-02-24T21:42:16 BDT" duration-ms="44880">
    <groups>
    </groups>
    <test started-at="2023-02-24T21:41:31 BDT" name="Default test" finished-at="2023-02-24T21:42:16 BDT" duration-ms="44880">
      <class name="testScripts.RunHomePage">
        <test-method is-config="true" signature="Start()[pri:0, instance:testScripts.RunHomePage@7cc0cdad]" started-at="2023-02-24T21:41:25 BDT" name="Start" finished-at="2023-02-24T21:41:31 BDT" duration-ms="5725" status="PASS">
          <reporter-output>
          </reporter-output>
        </test-method> <!-- Start -->
        <test-method is-config="true" signature="startUrl()[pri:0, instance:testScripts.RunHomePage@7cc0cdad]" started-at="2023-02-24T21:41:31 BDT" name="startUrl" finished-at="2023-02-24T21:41:34 BDT" duration-ms="2927" status="PASS">
          <reporter-output>
          </reporter-output>
        </test-method> <!-- startUrl -->
        <test-method signature="navigationBar()[pri:0, instance:testScripts.RunHomePage@7cc0cdad]" started-at="2023-02-24T21:41:34 BDT" name="navigationBar" finished-at="2023-02-24T21:42:16 BDT" duration-ms="41863" status="PASS">
          <reporter-output>
          </reporter-output>
        </test-method> <!-- navigationBar -->
        <test-method is-config="true" signature="Close()[pri:0, instance:testScripts.RunHomePage@7cc0cdad]" started-at="2023-02-24T21:42:16 BDT" name="Close" finished-at="2023-02-24T21:42:17 BDT" duration-ms="1339" status="PASS">
          <reporter-output>
          </reporter-output>
        </test-method> <!-- Close -->
      </class> <!-- testScripts.RunHomePage -->
    </test> <!-- Default test -->
  </suite> <!-- Default suite -->
</testng-results>
