<?xml version="1.0" encoding="UTF-8"?>
<testng-results ignored="0" total="1" passed="1" failed="0" skipped="0">
  <reporter-output>
  </reporter-output>
  <suite started-at="2023-01-21T22:57:40 BDT" name="Default suite" finished-at="2023-01-21T23:02:57 BDT" duration-ms="317695">
    <groups>
    </groups>
    <test started-at="2023-01-21T22:57:40 BDT" name="Default test" finished-at="2023-01-21T23:02:57 BDT" duration-ms="317695">
      <class name="testScripts.RunTests">
        <test-method is-config="true" signature="start()[pri:0, instance:testScripts.RunTests@7cc0cdad]" started-at="2023-01-21T22:57:28 BDT" name="start" finished-at="2023-01-21T22:57:40 BDT" duration-ms="11368" status="PASS">
          <reporter-output>
          </reporter-output>
        </test-method> <!-- start -->
        <test-method is-config="true" signature="startUrl()[pri:0, instance:testScripts.RunTests@7cc0cdad]" started-at="2023-01-21T22:57:40 BDT" name="startUrl" finished-at="2023-01-21T22:57:53 BDT" duration-ms="13234" status="PASS">
          <reporter-output>
          </reporter-output>
        </test-method> <!-- startUrl -->
        <test-method signature="navigationBar()[pri:0, instance:testScripts.RunTests@7cc0cdad]" started-at="2023-01-21T22:57:53 BDT" name="navigationBar" finished-at="2023-01-21T23:02:57 BDT" duration-ms="304334" status="PASS">
          <reporter-output>
          </reporter-output>
        </test-method> <!-- navigationBar -->
        <test-method is-config="true" signature="close()[pri:0, instance:testScripts.RunTests@7cc0cdad]" started-at="2023-01-21T23:02:57 BDT" name="close" finished-at="2023-01-21T23:03:00 BDT" duration-ms="3109" status="PASS">
          <reporter-output>
          </reporter-output>
        </test-method> <!-- close -->
      </class> <!-- testScripts.RunTests -->
    </test> <!-- Default test -->
  </suite> <!-- Default suite -->
</testng-results>
